<?xml version="1.0" encoding="UTF-8"?>
<!-- Generated by org.testng.reporters.JUnitReportReporter -->
<testsuite hostname="LAPTOP-0HA3NO3K" name="testRunner.TestRunnerTest" tests="1" failures="0" timestamp="21 May 2017 02:26:03 GMT" time="0.576" errors="0">
  <testcase name="run_cukes" time="0.576" classname="testRunner.TestRunnerTest"/>
</testsuite> <!-- testRunner.TestRunnerTest -->
