<?xml version="1.0" encoding="UTF-8"?>
<!-- Generated by org.testng.reporters.JUnitReportReporter -->
<testsuite hostname="LAPTOP-0HA3NO3K" name="testRunner.TestRunner" tests="1" failures="0" timestamp="21 May 2017 02:22:38 GMT" time="0.537" errors="0">
  <testcase name="run_cukes" time="0.537" classname="testRunner.TestRunner"/>
</testsuite> <!-- testRunner.TestRunner -->
