<?xml version="1.0" encoding="UTF-8"?>
<!-- Generated by org.testng.reporters.JUnitReportReporter -->
<testsuite hostname="LAPTOP-0HA3NO3K" name="testRunner.CukesRunnerTest" tests="1" failures="0" timestamp="22 May 2017 00:00:40 GMT" time="47.414" errors="0">
  <testcase name="run_cukes" time="47.414" classname="testRunner.CukesRunnerTest"/>
</testsuite> <!-- testRunner.CukesRunnerTest -->
