<?xml version="1.0" encoding="UTF-8"?>
<!-- Generated by org.testng.reporters.JUnitReportReporter -->
<testsuite hostname="LAPTOP-0HA3NO3K" name="testRunner.CukesRunnerTest" tests="1" failures="0" timestamp="21 May 2017 23:03:44 GMT" time="46.536" errors="0">
  <testcase name="run_cukes" time="46.536" classname="testRunner.CukesRunnerTest"/>
</testsuite> <!-- testRunner.CukesRunnerTest -->
