<?xml version="1.0" encoding="UTF-8"?>
<!-- Generated by org.testng.reporters.JUnitReportReporter -->
<testsuite hostname="LAPTOP-0HA3NO3K" name="testRunner.CukesRunnerTest" tests="1" failures="0" timestamp="21 May 2017 02:42:16 GMT" time="39.268" errors="0">
  <testcase name="run_cukes" time="39.268" classname="testRunner.CukesRunnerTest"/>
</testsuite> <!-- testRunner.CukesRunnerTest -->
